<?xml version="1.0" encoding="UTF-8"?>
<!-- Generated by org.testng.reporters.JUnitReportReporter -->
<testsuite hostname="Vargheses-MacBook-Pro.local" failures="0" tests="2" name="extentReport.ExtentReport" time="0.011" errors="0" timestamp="11 Apr 2019 21:09:41 GMT" skipped="0">
  <testcase classname="extentReport.ExtentReport" name="test2" time="0.007"/>
  <testcase classname="extentReport.ExtentReport" name="test1" time="0.004"/>
</testsuite> <!-- extentReport.ExtentReport -->
