<?xml version="1.0" encoding="UTF-8"?>
<!-- Generated by org.testng.reporters.JUnitReportReporter -->
<testsuite hostname="Vargheses-MacBook-Pro.local" failures="0" tests="1" name="logging.LoggerTest" time="0.009" errors="0" timestamp="11 Apr 2019 17:49:11 GMT" skipped="0">
  <testcase classname="logging.LoggerTest" name="testLogger" time="0.009"/>
</testsuite> <!-- logging.LoggerTest -->
